[09-07 14:30:53]: [INFO] Created column 'regdate' and set the current timestamp, 1725719453843, to all 0 rows
[09-07 14:30:53]: [INFO] SQLite Setup finished
[09-07 14:30:53]: [INFO] No supported permissions system found! Permissions are disabled!
[09-07 14:30:54]: [INFO] Hooked successfully into Essentials
[09-07 14:30:54]: [INFO] Hooked successfully into Multiverse-Core
[09-07 14:30:54]: [INFO] Essentials spawn file not found: '/home/runner/work/MC-Public-Server-1/MC-Public-Server-1/plugins/Essentials/spawn.yml'
[09-07 14:30:54]: [WARN] WARNING! The protectInventory feature requires ProtocolLib! Disabling it...
[09-07 14:30:54]: [INFO] AuthMe 5.6.0 build n.CUSTOM successfully enabled!
[09-07 14:30:56]: [INFO] Downloading GEO IP database, because the old database is older than 30 days or doesn't exist
[09-07 14:30:56]: [WARN] No MaxMind credentials found in the configuration file! GeoIp protections will be disabled.
[09-07 14:30:56]: [INFO] There is no newer GEO IP database uploaded to MaxMind. Using the old one for now.
[09-07 14:30:56]: [WARN] Could not download GeoLiteAPI database [FileNotFoundException]: plugins/AuthMe/GeoLite2-Country.mmdb (No such file or directory)
[09-07 14:30:56]: java.io.FileNotFoundException: plugins/AuthMe/GeoLite2-Country.mmdb (No such file or directory)
	at java.base/java.io.RandomAccessFile.open0(Native Method)
	at java.base/java.io.RandomAccessFile.open(RandomAccessFile.java:356)
	at java.base/java.io.RandomAccessFile.<init>(RandomAccessFile.java:273)
	at java.base/java.io.RandomAccessFile.<init>(RandomAccessFile.java:223)
	at AuthMe-5.6.0.jar//fr.xephi.authme.libs.com.maxmind.db.BufferHolder.<init>(BufferHolder.java:20)
	at AuthMe-5.6.0.jar//fr.xephi.authme.libs.com.maxmind.db.Reader.<init>(Reader.java:121)
	at AuthMe-5.6.0.jar//fr.xephi.authme.service.GeoIpService.startReading(GeoIpService.java:179)
	at AuthMe-5.6.0.jar//fr.xephi.authme.service.GeoIpService.updateDatabase(GeoIpService.java:150)
	at org.bukkit.craftbukkit.scheduler.CraftTask.run(CraftTask.java:86)
	at org.bukkit.craftbukkit.scheduler.CraftAsyncTask.run(CraftAsyncTask.java:57)
	at com.destroystokyo.paper.ServerSchedulerReportingWrapper.run(ServerSchedulerReportingWrapper.java:22)
	at java.base/java.util.concurrent.ThreadPoolExecutor.runWorker(ThreadPoolExecutor.java:1144)
	at java.base/java.util.concurrent.ThreadPoolExecutor$Worker.run(ThreadPoolExecutor.java:642)
	at java.base/java.lang.Thread.run(Thread.java:1583)

[09-07 15:41:47]: [INFO] SQLite Setup finished
[09-07 15:41:47]: [INFO] No supported permissions system found! Permissions are disabled!
[09-07 15:41:48]: [INFO] Hooked successfully into Essentials
[09-07 15:41:48]: [INFO] Hooked successfully into Multiverse-Core
[09-07 15:41:48]: [INFO] Essentials spawn file not found: '/home/runner/work/MC-Public-Server-1/MC-Public-Server-1/plugins/Essentials/spawn.yml'
[09-07 15:41:48]: [WARN] WARNING! The protectInventory feature requires ProtocolLib! Disabling it...
[09-07 15:41:48]: [INFO] AuthMe 5.6.0 build n.CUSTOM successfully enabled!
[09-07 15:41:50]: [INFO] Downloading GEO IP database, because the old database is older than 30 days or doesn't exist
[09-07 15:41:50]: [WARN] No MaxMind credentials found in the configuration file! GeoIp protections will be disabled.
[09-07 15:41:50]: [INFO] There is no newer GEO IP database uploaded to MaxMind. Using the old one for now.
[09-07 15:41:50]: [WARN] Could not download GeoLiteAPI database [FileNotFoundException]: plugins/AuthMe/GeoLite2-Country.mmdb (No such file or directory)
[09-07 15:41:50]: java.io.FileNotFoundException: plugins/AuthMe/GeoLite2-Country.mmdb (No such file or directory)
	at java.base/java.io.RandomAccessFile.open0(Native Method)
	at java.base/java.io.RandomAccessFile.open(RandomAccessFile.java:356)
	at java.base/java.io.RandomAccessFile.<init>(RandomAccessFile.java:273)
	at java.base/java.io.RandomAccessFile.<init>(RandomAccessFile.java:223)
	at AuthMe-5.6.0.jar//fr.xephi.authme.libs.com.maxmind.db.BufferHolder.<init>(BufferHolder.java:20)
	at AuthMe-5.6.0.jar//fr.xephi.authme.libs.com.maxmind.db.Reader.<init>(Reader.java:121)
	at AuthMe-5.6.0.jar//fr.xephi.authme.service.GeoIpService.startReading(GeoIpService.java:179)
	at AuthMe-5.6.0.jar//fr.xephi.authme.service.GeoIpService.updateDatabase(GeoIpService.java:150)
	at org.bukkit.craftbukkit.scheduler.CraftTask.run(CraftTask.java:86)
	at org.bukkit.craftbukkit.scheduler.CraftAsyncTask.run(CraftAsyncTask.java:57)
	at com.destroystokyo.paper.ServerSchedulerReportingWrapper.run(ServerSchedulerReportingWrapper.java:22)
	at java.base/java.util.concurrent.ThreadPoolExecutor.runWorker(ThreadPoolExecutor.java:1144)
	at java.base/java.util.concurrent.ThreadPoolExecutor$Worker.run(ThreadPoolExecutor.java:642)
	at java.base/java.lang.Thread.run(Thread.java:1583)

[09-07 15:42:15]: [FINE] SupremeProMax registered 127.0.0.1
[09-07 15:42:15]: [FINE] SupremeProMax logged in 127.0.0.1
[09-10 12:27:44]: [INFO] SQLite Setup finished
[09-10 12:27:44]: [INFO] No supported permissions system found! Permissions are disabled!
[09-10 12:27:45]: [INFO] Hooked successfully into Essentials
[09-10 12:27:45]: [INFO] Hooked successfully into Multiverse-Core
[09-10 12:27:45]: [INFO] Essentials spawn file not found: '/home/runner/work/MC-Public-Server-1/MC-Public-Server-1/plugins/Essentials/spawn.yml'
[09-10 12:27:45]: [WARN] WARNING! The protectInventory feature requires ProtocolLib! Disabling it...
[09-10 12:27:45]: [INFO] AuthMe 5.6.0 build n.CUSTOM successfully enabled!
[09-10 12:27:46]: [INFO] Downloading GEO IP database, because the old database is older than 30 days or doesn't exist
[09-10 12:27:46]: [WARN] No MaxMind credentials found in the configuration file! GeoIp protections will be disabled.
[09-10 12:27:46]: [INFO] There is no newer GEO IP database uploaded to MaxMind. Using the old one for now.
[09-10 12:27:46]: [WARN] Could not download GeoLiteAPI database [FileNotFoundException]: plugins/AuthMe/GeoLite2-Country.mmdb (No such file or directory)
[09-10 12:27:46]: java.io.FileNotFoundException: plugins/AuthMe/GeoLite2-Country.mmdb (No such file or directory)
	at java.base/java.io.RandomAccessFile.open0(Native Method)
	at java.base/java.io.RandomAccessFile.open(RandomAccessFile.java:356)
	at java.base/java.io.RandomAccessFile.<init>(RandomAccessFile.java:273)
	at java.base/java.io.RandomAccessFile.<init>(RandomAccessFile.java:223)
	at AuthMe-5.6.0.jar//fr.xephi.authme.libs.com.maxmind.db.BufferHolder.<init>(BufferHolder.java:20)
	at AuthMe-5.6.0.jar//fr.xephi.authme.libs.com.maxmind.db.Reader.<init>(Reader.java:121)
	at AuthMe-5.6.0.jar//fr.xephi.authme.service.GeoIpService.startReading(GeoIpService.java:179)
	at AuthMe-5.6.0.jar//fr.xephi.authme.service.GeoIpService.updateDatabase(GeoIpService.java:150)
	at org.bukkit.craftbukkit.scheduler.CraftTask.run(CraftTask.java:86)
	at org.bukkit.craftbukkit.scheduler.CraftAsyncTask.run(CraftAsyncTask.java:57)
	at com.destroystokyo.paper.ServerSchedulerReportingWrapper.run(ServerSchedulerReportingWrapper.java:22)
	at java.base/java.util.concurrent.ThreadPoolExecutor.runWorker(ThreadPoolExecutor.java:1144)
	at java.base/java.util.concurrent.ThreadPoolExecutor$Worker.run(ThreadPoolExecutor.java:642)
	at java.base/java.lang.Thread.run(Thread.java:1583)

[09-10 12:28:15]: [FINE] SupremeProMax logged in 127.0.0.1
[10-30 12:47:50]: [INFO] Created column 'regdate' and set the current timestamp, 1730292470391, to all 0 rows
[10-30 12:47:50]: [INFO] SQLite Setup finished
[10-30 12:47:50]: [INFO] No supported permissions system found! Permissions are disabled!
[10-30 12:47:50]: [INFO] Hooked successfully into Essentials
[10-30 12:47:50]: [INFO] Hooked successfully into Multiverse-Core
[10-30 12:47:50]: [INFO] Essentials spawn file not found: '/home/runner/work/MC-Public-Server-1/MC-Public-Server-1/plugins/Essentials/spawn.yml'
[10-30 12:47:50]: [WARN] WARNING! The protectInventory feature requires ProtocolLib! Disabling it...
[10-30 12:47:51]: [INFO] AuthMe 5.6.0 build n.CUSTOM successfully enabled!
[10-30 12:47:51]: [INFO] Downloading GEO IP database, because the old database is older than 30 days or doesn't exist
[10-30 12:47:51]: [WARN] No MaxMind credentials found in the configuration file! GeoIp protections will be disabled.
[10-30 12:47:51]: [INFO] There is no newer GEO IP database uploaded to MaxMind. Using the old one for now.
[10-30 12:47:51]: [WARN] Could not download GeoLiteAPI database [FileNotFoundException]: plugins/AuthMe/GeoLite2-Country.mmdb (No such file or directory)
[10-30 12:47:51]: java.io.FileNotFoundException: plugins/AuthMe/GeoLite2-Country.mmdb (No such file or directory)
	at java.base/java.io.RandomAccessFile.open0(Native Method)
	at java.base/java.io.RandomAccessFile.open(RandomAccessFile.java:356)
	at java.base/java.io.RandomAccessFile.<init>(RandomAccessFile.java:273)
	at java.base/java.io.RandomAccessFile.<init>(RandomAccessFile.java:223)
	at AuthMe-5.6.0.jar//fr.xephi.authme.libs.com.maxmind.db.BufferHolder.<init>(BufferHolder.java:20)
	at AuthMe-5.6.0.jar//fr.xephi.authme.libs.com.maxmind.db.Reader.<init>(Reader.java:121)
	at AuthMe-5.6.0.jar//fr.xephi.authme.service.GeoIpService.startReading(GeoIpService.java:179)
	at AuthMe-5.6.0.jar//fr.xephi.authme.service.GeoIpService.updateDatabase(GeoIpService.java:150)
	at org.bukkit.craftbukkit.scheduler.CraftTask.run(CraftTask.java:86)
	at org.bukkit.craftbukkit.scheduler.CraftAsyncTask.run(CraftAsyncTask.java:57)
	at com.destroystokyo.paper.ServerSchedulerReportingWrapper.run(ServerSchedulerReportingWrapper.java:22)
	at java.base/java.util.concurrent.ThreadPoolExecutor.runWorker(ThreadPoolExecutor.java:1144)
	at java.base/java.util.concurrent.ThreadPoolExecutor$Worker.run(ThreadPoolExecutor.java:642)
	at java.base/java.lang.Thread.run(Thread.java:1583)

[10-30 12:49:39]: [FINE] InventoStarz registered 127.0.0.1
[10-30 12:49:39]: [FINE] InventoStarz logged in 127.0.0.1
[10-30 13:00:52]: [FINE] GameX_PlayZ registered 127.0.0.1
[10-30 13:00:52]: [FINE] GameX_PlayZ logged in 127.0.0.1
[10-30 13:14:10]: [FINE] InventoStarz logged in 127.0.0.1
[10-30 13:14:25]: [FINE] goodboy registered 127.0.0.1
[10-30 13:14:25]: [FINE] goodboy logged in 127.0.0.1
[10-30 13:19:27]: [FINE] goodboy logged in 127.0.0.1
[10-30 13:24:55]: [FINE] InventoStarz logged in 127.0.0.1
[10-30 13:26:50]: [FINE] InventoStarz logged in 127.0.0.1
[10-30 13:53:02]: [FINE] GameX_PlayZ logged in 127.0.0.1
[10-30 14:07:23]: [FINE] InventoStarz logged in 127.0.0.1
[10-30 14:12:51]: [FINE] GameX_PlayZ logged in 127.0.0.1
[10-30 14:31:32]: [FINE] InventoStarz logged in 127.0.0.1
[10-30 14:31:47]: [FINE] GameX_PlayZ logged in 127.0.0.1
[10-30 14:41:54]: [FINE] InventoStarz logged in 127.0.0.1
[10-30 14:45:29]: [FINE] InventoStarz logged in 127.0.0.1
[10-30 14:47:24]: [FINE] InventoStarz logged in 127.0.0.1
[10-30 14:51:45]: [FINE] GameX_PlayZ logged in 127.0.0.1
[10-30 17:48:30]: [INFO] AuthMe 5.6.0-bCUSTOM disabled!
[11-05 18:07:50]: [INFO] SQLite Setup finished
[11-05 18:07:50]: [INFO] No supported permissions system found! Permissions are disabled!
[11-05 18:07:50]: [INFO] Hooked successfully into Essentials
[11-05 18:07:50]: [INFO] Hooked successfully into Multiverse-Core
[11-05 18:07:50]: [INFO] Essentials spawn file not found: '/home/runner/work/MC-Public-Server-1/MC-Public-Server-1/plugins/Essentials/spawn.yml'
[11-05 18:07:50]: [WARN] WARNING! The protectInventory feature requires ProtocolLib! Disabling it...
[11-05 18:07:50]: [INFO] AuthMe 5.6.0 build n.CUSTOM successfully enabled!
[11-05 18:07:51]: [INFO] Downloading GEO IP database, because the old database is older than 30 days or doesn't exist
[11-05 18:07:51]: [WARN] No MaxMind credentials found in the configuration file! GeoIp protections will be disabled.
[11-05 18:07:51]: [INFO] There is no newer GEO IP database uploaded to MaxMind. Using the old one for now.
[11-05 18:07:51]: [WARN] Could not download GeoLiteAPI database [FileNotFoundException]: plugins/AuthMe/GeoLite2-Country.mmdb (No such file or directory)
[11-05 18:07:51]: java.io.FileNotFoundException: plugins/AuthMe/GeoLite2-Country.mmdb (No such file or directory)
	at java.base/java.io.RandomAccessFile.open0(Native Method)
	at java.base/java.io.RandomAccessFile.open(RandomAccessFile.java:356)
	at java.base/java.io.RandomAccessFile.<init>(RandomAccessFile.java:273)
	at java.base/java.io.RandomAccessFile.<init>(RandomAccessFile.java:223)
	at AuthMe-5.6.0.jar//fr.xephi.authme.libs.com.maxmind.db.BufferHolder.<init>(BufferHolder.java:20)
	at AuthMe-5.6.0.jar//fr.xephi.authme.libs.com.maxmind.db.Reader.<init>(Reader.java:121)
	at AuthMe-5.6.0.jar//fr.xephi.authme.service.GeoIpService.startReading(GeoIpService.java:179)
	at AuthMe-5.6.0.jar//fr.xephi.authme.service.GeoIpService.updateDatabase(GeoIpService.java:150)
	at org.bukkit.craftbukkit.scheduler.CraftTask.run(CraftTask.java:86)
	at org.bukkit.craftbukkit.scheduler.CraftAsyncTask.run(CraftAsyncTask.java:57)
	at com.destroystokyo.paper.ServerSchedulerReportingWrapper.run(ServerSchedulerReportingWrapper.java:22)
	at java.base/java.util.concurrent.ThreadPoolExecutor.runWorker(ThreadPoolExecutor.java:1144)
	at java.base/java.util.concurrent.ThreadPoolExecutor$Worker.run(ThreadPoolExecutor.java:642)
	at java.base/java.lang.Thread.run(Thread.java:1583)

[11-05 18:10:13]: [FINE] InventoStarz logged in 127.0.0.1
