error: cannot pull with rebase: You have unstaged changes.
error: Please commit or stash them.
On branch main
Your branch is up to date with 'origin/main'.

nothing to commit, working tree clean
Everything up-to-date
error: cannot pull with rebase: You have unstaged changes.
error: Please commit or stash them.
[main fbe56c4] Auto-update server changes
 50 files changed, 182289 insertions(+), 1076 deletions(-)
 create mode 100644 CraftHaven/advancements/14920dfc-e534-38a1-91e0-3aed4442bb9c.json
 create mode 100644 CraftHaven/datapacks/bukkit/pack.mcmeta
 create mode 100644 CraftHaven/paper-world.yml
 create mode 100644 CraftHaven/playerdata/14920dfc-e534-38a1-91e0-3aed4442bb9c.dat
 create mode 100644 CraftHaven/playerdata/14920dfc-e534-38a1-91e0-3aed4442bb9c.dat_old
 create mode 100644 CraftHaven/stats/14920dfc-e534-38a1-91e0-3aed4442bb9c.json
 create mode 100644 CraftHaven/uid.dat
 rename {CraftHaven => CraftHaven_nether}/DIM-1/data/raids.dat (100%)
 rename CraftHaven/DIM1/data/raids_end.dat => CraftHaven_nether/data/raids.dat (100%)
 create mode 100644 CraftHaven_nether/level.dat
 create mode 100644 CraftHaven_nether/paper-world.yml
 create mode 100644 CraftHaven_nether/session.lock
 create mode 100644 CraftHaven_nether/uid.dat
 create mode 100644 CraftHaven_the_end/DIM1/data/raids_end.dat
 create mode 100644 CraftHaven_the_end/data/raids.dat
 create mode 100644 CraftHaven_the_end/level.dat
 create mode 100644 CraftHaven_the_end/paper-world.yml
 create mode 100644 CraftHaven_the_end/session.lock
 create mode 100644 CraftHaven_the_end/uid.dat
 create mode 100644 logs/2024-09-07-1.log.gz
 create mode 100644 plugins/Essentials/motd.txt
 create mode 100644 plugins/Essentials/userdata/14920dfc-e534-38a1-91e0-3aed4442bb9c.yml
 create mode 100644 plugins/Essentials/uuids.bin
 create mode 100644 plugins/Multiverse-Inventories/players/14920dfc-e534-38a1-91e0-3aed4442bb9c.json
 create mode 100644 plugins/SkinsRestorer/cache/SupremeProMax.mojangcache
 create mode 100644 plugins/WorldEdit/sessions/14920dfc-e534-38a1-91e0-3aed4442bb9c.json
 rename plugins/spark/tmp-client/{spark-2c2d849ea4-libasyncProfiler.so.tmp => spark-3ab143b023-libasyncProfiler.so.tmp} (100%)
 rename plugins/spark/tmp-client/{spark-24d2526f3dd-profile-data.jfr.tmp => spark-72b3b5cfa3-profile-data.jfr.tmp} (59%)
To https://github.com/Abhinav2011VS/MC-Public-Server-1
   2de3d8d..fbe56c4  main -> main
error: cannot pull with rebase: You have unstaged changes.
error: Please commit or stash them.
