[18:07:16] [ServerMain/INFO]: [bootstrap] Running Java 21 (OpenJDK 64-Bit Server VM 21.0.4+7-LTS; Eclipse Adoptium Temurin-21.0.4+7) on Linux 6.5.0-1025-azure (amd64)
[18:07:16] [ServerMain/INFO]: [bootstrap] Loading Paper 1.21.1-52-master@e08e667 (2024-08-26T18:02:06Z) for Minecraft 1.21.1
[18:07:16] [ServerMain/INFO]: [PluginInitializerManager] Initializing plugins...
[18:07:17] [Paper Plugin Remapper Thread - 1/INFO]: [PluginRemapper] Remapping plugin 'plugins/SkinsRestorer.jar'...
[18:07:17] [Paper Plugin Remapper Thread - 0/INFO]: [PluginRemapper] Remapping plugin 'plugins/PhantomCore-1.0.jar'...
[18:07:18] [Paper Plugin Remapper Thread - 0/INFO]: [PluginRemapper] Done remapping plugin 'plugins/PhantomCore-1.0.jar' in 308ms.
[18:07:19] [Paper Plugin Remapper Thread - 1/INFO]: [PluginRemapper] Done remapping plugin 'plugins/SkinsRestorer.jar' in 2199ms.
[18:07:20] [ServerMain/INFO]: [PluginInitializerManager] Initialized 23 plugins
[18:07:20] [ServerMain/INFO]: [PluginInitializerManager] Paper plugins (1):
 - SilentAutoSave (3.0)
[18:07:20] [ServerMain/INFO]: [PluginInitializerManager] Bukkit plugins (22):
 - AntiVillagerLag (2.3.1), AuthMe (5.6.0-bCUSTOM), BuildPaste (1.11.1), Discord-Linker (3.4.2), Essentials (2.20.1), EssentialsChat (2.20.1), EssentialsSpawn (2.20.1), Maintenance (4.3.0), Multiverse-Core (4.3.13-SNAPSHOT), Multiverse-Inventories (4.2.6), Multiverse-NetherPortals (4.3.0-SNAPSHOT), PerWorldPlugins (1.5.6), PhantomCore (1.0), PowerRanks (1.10.10), SkinsRestorer (15.4.3), ViaBackwards (5.0.3), ViaVersion (5.1.0), WorldEdit (7.3.6+6892-3d660b8), WorldGuard (7.0.10+d9424b1), fast-leaf-decay (1.1.0), oplogin (1.0-SNAPSHOT), playit-gg (0.1.4)
[18:07:24] [ServerMain/INFO]: Environment: Environment[sessionHost=https://sessionserver.mojang.com, servicesHost=https://api.minecraftservices.com, name=PROD]
[18:07:26] [ServerMain/INFO]: Loaded 1290 recipes
[18:07:26] [ServerMain/INFO]: Loaded 1399 advancements
[18:07:26] [Server thread/INFO]: Starting minecraft server version 1.21.1
[18:07:26] [Server thread/INFO]: Loading properties
[18:07:26] [Server thread/INFO]: This server is running Paper version 1.21.1-52-master@e08e667 (2024-08-26T18:02:06Z) (Implementing API version 1.21.1-R0.1-SNAPSHOT)
[18:07:28] [Server thread/INFO]: [spark] This server bundles the spark profiler. For more information please visit https://docs.papermc.io/paper/profiling
[18:07:28] [Server thread/INFO]: Server Ping Player Sample Count: 12
[18:07:28] [Server thread/INFO]: Using 4 threads for Netty based IO
[18:07:28] [Server thread/INFO]: [ChunkTaskScheduler] Chunk system is using 1 I/O threads, 1 worker threads, and population gen parallelism of 1 threads
[18:07:28] [Server thread/INFO]: Default game type: SURVIVAL
[18:07:28] [Server thread/INFO]: Generating keypair
[18:07:28] [Server thread/INFO]: Starting Minecraft server on *:25565
[18:07:29] [Server thread/INFO]: Using epoll channel type
[18:07:29] [Server thread/INFO]: Paper: Using libdeflate (Linux x86_64) compression from Velocity.
[18:07:29] [Server thread/INFO]: Paper: Using OpenSSL 3.0.x (Linux x86_64) cipher from Velocity.
[18:07:31] [Server thread/INFO]: [ViaVersion] Loading server plugin ViaVersion v5.1.0
[18:07:31] [Server thread/INFO]: [ViaVersion] ViaVersion 5.1.0 is now loaded. Registering protocol transformers and injecting...
[18:07:32] [Via-Mappingloader-0/INFO]: [ViaVersion] Loading block connection mappings ...
[18:07:32] [Via-Mappingloader-0/INFO]: [ViaVersion] Using FastUtil Long2ObjectOpenHashMap for block connections
[18:07:33] [Server thread/INFO]: [ViaBackwards] Loading translations...
[18:07:33] [Server thread/INFO]: [ViaBackwards] Registering protocols...
[18:07:34] [Server thread/ERROR]: [ViaVersion] Error initializing plugin 'ViaVersion-5.1.0.jar' in folder 'plugins' (Is it up to date?)
java.lang.NoSuchMethodError: 'void com.viaversion.viabackwards.protocol.v1_21to1_20_5.rewriter.BlockItemPacketRewriter1_21.registerMerchantOffers1_20_5(com.viaversion.viaversion.api.protocol.packet.ClientboundPacketType, com.viaversion.viaversion.api.type.Type, com.viaversion.viaversion.api.type.Type, com.viaversion.viaversion.api.type.Type, com.viaversion.viaversion.api.type.Type)'
	at ViaBackwards-5.0.3.jar/com.viaversion.viabackwards.protocol.v1_21to1_20_5.rewriter.BlockItemPacketRewriter1_21.registerPackets(BlockItemPacketRewriter1_21.java:82) ~[ViaBackwards-5.0.3.jar:?]
	at ViaVersion-5.1.0.jar/com.viaversion.viaversion.api.rewriter.RewriterBase.register(RewriterBase.java:36) ~[ViaVersion-5.1.0.jar:?]
	at ViaVersion-5.1.0.jar/com.viaversion.viaversion.api.protocol.AbstractProtocol.callRegister(AbstractProtocol.java:236) ~[ViaVersion-5.1.0.jar:?]
	at ViaVersion-5.1.0.jar/com.viaversion.viaversion.api.protocol.AbstractProtocol.registerPackets(AbstractProtocol.java:220) ~[ViaVersion-5.1.0.jar:?]
	at ViaBackwards-5.0.3.jar/com.viaversion.viabackwards.api.BackwardsProtocol.registerPackets(BackwardsProtocol.java:49) ~[ViaBackwards-5.0.3.jar:?]
	at ViaBackwards-5.0.3.jar/com.viaversion.viabackwards.protocol.v1_21to1_20_5.Protocol1_21To1_20_5.registerPackets(Protocol1_21To1_20_5.java:68) ~[ViaBackwards-5.0.3.jar:?]
	at ViaVersion-5.1.0.jar/com.viaversion.viaversion.api.protocol.AbstractProtocol.initialize(AbstractProtocol.java:106) ~[ViaVersion-5.1.0.jar:?]
	at ViaVersion-5.1.0.jar/com.viaversion.viaversion.protocol.ProtocolManagerImpl.registerProtocol(ProtocolManagerImpl.java:207) ~[ViaVersion-5.1.0.jar:?]
	at ViaVersion-5.1.0.jar/com.viaversion.viaversion.protocol.ProtocolManagerImpl.registerProtocol(ProtocolManagerImpl.java:201) ~[ViaVersion-5.1.0.jar:?]
	at ViaBackwards-5.0.3.jar/com.viaversion.viabackwards.api.ViaBackwardsPlatform.init(ViaBackwardsPlatform.java:143) ~[ViaBackwards-5.0.3.jar:?]
	at ViaBackwards-5.0.3.jar/com.viaversion.viabackwards.BukkitPlugin.lambda$new$0(BukkitPlugin.java:38) ~[ViaBackwards-5.0.3.jar:?]
	at ViaVersion-5.1.0.jar/com.viaversion.viaversion.ViaManagerImpl.init(ViaManagerImpl.java:115) ~[ViaVersion-5.1.0.jar:?]
	at ViaVersion-5.1.0.jar/com.viaversion.viaversion.ViaVersionPlugin.onLoad(ViaVersionPlugin.java:84) ~[ViaVersion-5.1.0.jar:?]
	at io.papermc.paper.plugin.storage.ServerPluginProviderStorage.processProvided(ServerPluginProviderStorage.java:59) ~[paper-1.21.1.jar:1.21.1-52-e08e667]
	at io.papermc.paper.plugin.storage.ServerPluginProviderStorage.processProvided(ServerPluginProviderStorage.java:18) ~[paper-1.21.1.jar:1.21.1-52-e08e667]
	at io.papermc.paper.plugin.storage.SimpleProviderStorage.enter(SimpleProviderStorage.java:39) ~[paper-1.21.1.jar:1.21.1-52-e08e667]
	at io.papermc.paper.plugin.entrypoint.LaunchEntryPointHandler.enter(LaunchEntryPointHandler.java:40) ~[paper-1.21.1.jar:1.21.1-52-e08e667]
	at org.bukkit.craftbukkit.CraftServer.loadPlugins(CraftServer.java:546) ~[paper-1.21.1.jar:1.21.1-52-e08e667]
	at net.minecraft.server.dedicated.DedicatedServer.initServer(DedicatedServer.java:292) ~[paper-1.21.1.jar:1.21.1-52-e08e667]
	at net.minecraft.server.MinecraftServer.runServer(MinecraftServer.java:1215) ~[paper-1.21.1.jar:1.21.1-52-e08e667]
	at net.minecraft.server.MinecraftServer.lambda$spin$0(MinecraftServer.java:330) ~[paper-1.21.1.jar:1.21.1-52-e08e667]
	at java.base/java.lang.Thread.run(Thread.java:1583) ~[?:?]
[18:07:34] [Server thread/INFO]: [Essentials] Loading server plugin Essentials v2.20.1
[18:07:34] [Server thread/INFO]: [Multiverse-Core] Loading server plugin Multiverse-Core v4.3.13-SNAPSHOT
[18:07:34] [Server thread/INFO]: [ViaBackwards] Loading server plugin ViaBackwards v5.0.3
[18:07:34] [Server thread/INFO]: [WorldEdit] Loading server plugin WorldEdit v7.3.6+6892-3d660b8
[18:07:36] [Server thread/INFO]: Got request to register class com.sk89q.worldedit.bukkit.BukkitServerInterface with WorldEdit [com.sk89q.worldedit.extension.platform.PlatformManager@521d601]
[18:07:36] [Server thread/INFO]: [EssentialsSpawn] Loading server plugin EssentialsSpawn v2.20.1
[18:07:36] [Server thread/INFO]: [Multiverse-Inventories] Loading server plugin Multiverse-Inventories v4.2.6
[18:07:36] [Server thread/INFO]: [PerWorldPlugins] Loading server plugin PerWorldPlugins v1.5.6
[18:07:36] [Server thread/INFO]: [PerWorldPlugins] Enabling PerWorldPlugins v1.5.6
[18:07:36] [Server thread/INFO]: PerWorldPlugins There is a new version available. (1.5.9)
[18:07:36] [Server thread/INFO]: PerWorldPlugins You can download it at: https://www.spigotmc.org/resources/perworldplugins.96161/
[18:07:36] [Server thread/INFO]: <---------------------------------------->
[18:07:36] [Server thread/INFO]: PerWorldPlugins 1.5.6 has been enabled.
[18:07:36] [Server thread/INFO]: <---------------------------------------->
[18:07:36] [Server thread/INFO]: [Maintenance] Loading server plugin Maintenance v4.3.0
[18:07:36] [Server thread/INFO]: [SilentAutoSave] Loading server plugin SilentAutoSave v3.0
[18:07:36] [Server thread/INFO]: [playit-gg] Loading server plugin playit-gg v0.1.4
[18:07:36] [Server thread/INFO]: [oplogin] Loading server plugin oplogin v1.0-SNAPSHOT
[18:07:36] [Server thread/INFO]: [Multiverse-NetherPortals] Loading server plugin Multiverse-NetherPortals v4.3.0-SNAPSHOT
[18:07:36] [Server thread/INFO]: [AntiVillagerLag] Loading server plugin AntiVillagerLag v2.3.1
[18:07:36] [Server thread/INFO]: [PowerRanks] Loading server plugin PowerRanks v1.10.10
[18:07:36] [Server thread/INFO]: [Discord-Linker] Loading server plugin Discord-Linker v3.4.2
[18:07:36] [Server thread/INFO]: [PhantomCore] Loading server plugin PhantomCore v1.0
[18:07:36] [Server thread/INFO]: [SkinsRestorer] Loading server plugin SkinsRestorer v15.4.3
[18:07:36] [Server thread/INFO]: [EssentialsChat] Loading server plugin EssentialsChat v2.20.1
[18:07:36] [Server thread/INFO]: [WorldGuard] Loading server plugin WorldGuard v7.0.10+d9424b1
[18:07:36] [Server thread/INFO]: [fast-leaf-decay] Loading server plugin fast-leaf-decay v1.1.0
[18:07:36] [Server thread/INFO]: [AuthMe] Loading server plugin AuthMe v5.6.0-bCUSTOM
[18:07:36] [Server thread/INFO]: [BuildPaste] Loading server plugin BuildPaste v1.11.1
[18:07:36] [Server thread/INFO]: Server permissions file permissions.yml is empty, ignoring it
[18:07:36] [Server thread/INFO]: [WorldEdit] Enabling WorldEdit v7.3.6+6892-3d660b8
[18:07:36] [Server thread/INFO]: Registering commands with com.sk89q.worldedit.bukkit.BukkitServerInterface
[18:07:36] [Server thread/INFO]: WEPIF: Using the Bukkit Permissions API.
[18:07:37] [Server thread/INFO]: Using com.sk89q.worldedit.bukkit.adapter.impl.v1_21.PaperweightAdapter as the Bukkit adapter
[18:07:38] [Server thread/INFO]: [SilentAutoSave] Enabling SilentAutoSave v3.0
[18:07:38] [Server thread/INFO]: [PowerRanks] Enabling PowerRanks v1.10.10
[18:07:38] [Server thread/INFO]: [PowerRanks] Setting up file: config.yml
[18:07:38] [Server thread/INFO]: [PowerRanks] 
[18:07:38] [Server thread/INFO]: [PowerRanks] === ------- LOADING CONFIGURATION ------ ===
[18:07:38] [Server thread/INFO]: [PowerRanks] Loading config file
[18:07:39] [Server thread/INFO]: [PowerRanks] Loading language file
[18:07:39] [Server thread/INFO]: [PowerRanks] Loading usertags file
[18:07:39] [Server thread/INFO]: [PowerRanks] Loading tablist file
[18:07:39] [Server thread/INFO]: [PowerRanks] 
[18:07:39] [Server thread/INFO]: [PowerRanks] === ---------- LOADING ADDONS ---------- ===
[18:07:39] [Server thread/INFO]: [PowerRanks] Loaded 0 add-on(s)!
[18:07:39] [Server thread/INFO]: [PowerRanks] 
[18:07:39] [Server thread/INFO]: [PowerRanks] === ----------- LOADING DATA ----------- ===
[18:07:39] [Server thread/INFO]: [PowerRanks] Loading player & rank data
[18:07:40] [Server thread/INFO]: [PowerRanks] 
[18:07:40] [Server thread/INFO]: [PowerRanks] === ------- LOADING PLUGIN HOOKS ------- ===
[18:07:40] [Server thread/INFO]: [PowerRanks] Checking for plugins to hook in to:
[18:07:40] [Server thread/INFO]: [PowerRanks] No other plugins found! Working stand-alone.
[18:07:40] [Server thread/INFO]: [PowerRanks] 
[18:07:40] [Server thread/INFO]: [PowerRanks] §b  ██████  ██████ §a  PowerRanks v1.10.10
[18:07:40] [Server thread/INFO]: [PowerRanks] §b  ██   ██ ██   ██§a  Running on 52 v1.21
[18:07:40] [Server thread/INFO]: [PowerRanks] §b  ██████  ██████ §a  Startup time: 1974ms
[18:07:40] [Server thread/INFO]: [PowerRanks] §b  ██      ██   ██§a  Loaded 4 ranks and 3 players (YAML) 
[18:07:40] [Server thread/INFO]: [PowerRanks] §b  ██      ██   ██§c  
[18:07:40] [Server thread/INFO]: [PowerRanks] 
[18:07:40] [Server thread/INFO]: [PowerRanks] If you'd like to donate, please visit https://ko-fi.com/svenar
[18:07:40] [Server thread/INFO]: [PowerRanks] Checking for updates...
[18:07:40] [Server thread/INFO]: [PhantomCore] Enabling PhantomCore v1.0
[18:07:40] [Server thread/ERROR]: Error occurred while enabling PhantomCore v1.0 (Is it up to date?)
java.lang.NoClassDefFoundError: net/dv8tion/jda/api/JDABuilder
	at PhantomCore-1.0.jar/net.abhinav.pc.PhantomCore.onEnable(PhantomCore.java:32) ~[PhantomCore-1.0.jar:?]
	at org.bukkit.plugin.java.JavaPlugin.setEnabled(JavaPlugin.java:288) ~[paper-mojangapi-1.21.1-R0.1-SNAPSHOT.jar:?]
	at io.papermc.paper.plugin.manager.PaperPluginInstanceManager.enablePlugin(PaperPluginInstanceManager.java:202) ~[paper-1.21.1.jar:1.21.1-52-e08e667]
	at io.papermc.paper.plugin.manager.PaperPluginManagerImpl.enablePlugin(PaperPluginManagerImpl.java:109) ~[paper-1.21.1.jar:1.21.1-52-e08e667]
	at org.bukkit.plugin.SimplePluginManager.enablePlugin(SimplePluginManager.java:520) ~[paper-mojangapi-1.21.1-R0.1-SNAPSHOT.jar:?]
	at org.bukkit.craftbukkit.CraftServer.enablePlugin(CraftServer.java:640) ~[paper-1.21.1.jar:1.21.1-52-e08e667]
	at org.bukkit.craftbukkit.CraftServer.enablePlugins(CraftServer.java:589) ~[paper-1.21.1.jar:1.21.1-52-e08e667]
	at net.minecraft.server.dedicated.DedicatedServer.initServer(DedicatedServer.java:293) ~[paper-1.21.1.jar:1.21.1-52-e08e667]
	at net.minecraft.server.MinecraftServer.runServer(MinecraftServer.java:1215) ~[paper-1.21.1.jar:1.21.1-52-e08e667]
	at net.minecraft.server.MinecraftServer.lambda$spin$0(MinecraftServer.java:330) ~[paper-1.21.1.jar:1.21.1-52-e08e667]
	at java.base/java.lang.Thread.run(Thread.java:1583) ~[?:?]
Caused by: java.lang.ClassNotFoundException: net.dv8tion.jda.api.JDABuilder
	at org.bukkit.plugin.java.PluginClassLoader.loadClass0(PluginClassLoader.java:197) ~[paper-mojangapi-1.21.1-R0.1-SNAPSHOT.jar:?]
	at org.bukkit.plugin.java.PluginClassLoader.loadClass(PluginClassLoader.java:164) ~[paper-mojangapi-1.21.1-R0.1-SNAPSHOT.jar:?]
	at java.base/java.lang.ClassLoader.loadClass(ClassLoader.java:526) ~[?:?]
	... 11 more
[18:07:40] [Server thread/INFO]: [PhantomCore] Disabling PhantomCore v1.0
[18:07:40] [Server thread/INFO]: [SkinsRestorer] Enabling SkinsRestorer v15.4.3
[18:07:41] [Server thread/WARN]: [SkinsRestorer] You must agree to the rules at 'commands.perSkinPermissionsConsent' in the config to use per skin permissions.
[18:07:42] [Server thread/INFO]: [SkinsRestorer] Running on Minecraft 1.21.1.
[18:07:43] [Server thread/INFO]: [SkinsRestorer] Using paper join listener!
[18:07:43] [Server thread/WARN]: **** SERVER IS RUNNING IN OFFLINE/INSECURE MODE!
[18:07:43] [Server thread/WARN]: The server will make no attempt to authenticate usernames. Beware.
[18:07:43] [Server thread/WARN]: While this makes the game possible to play without internet access, it also opens up the ability for hackers to connect with any username they choose.
[18:07:43] [Server thread/WARN]: To change this, set "online-mode" to "true" in the server.properties file.
[18:07:43] [Server thread/INFO]: Preparing level "CraftHaven"
[18:07:43] [Folia Async Scheduler Thread #1/INFO]: [SkinsRestorer] ----------------------------------------------
[18:07:43] [Folia Async Scheduler Thread #1/INFO]: [SkinsRestorer]     +==================+
[18:07:43] [Folia Async Scheduler Thread #1/INFO]: [SkinsRestorer]     |   SkinsRestorer  |
[18:07:43] [Folia Async Scheduler Thread #1/INFO]: [SkinsRestorer]     |------------------|
[18:07:43] [Folia Async Scheduler Thread #1/INFO]: [SkinsRestorer]     |  Standalone Mode |
[18:07:43] [Folia Async Scheduler Thread #1/INFO]: [SkinsRestorer]     +==================+
[18:07:43] [Folia Async Scheduler Thread #1/INFO]: [SkinsRestorer] ----------------------------------------------
[18:07:43] [Folia Async Scheduler Thread #1/INFO]: [SkinsRestorer]     Version: 15.4.3
[18:07:43] [Folia Async Scheduler Thread #1/INFO]: [SkinsRestorer]     Commit: 4aa9140
[18:07:43] [Folia Async Scheduler Thread #1/INFO]: [SkinsRestorer]     A new version (15.4.4) is available! Downloading update...
[18:07:43] [Folia Async Scheduler Thread #1/INFO]: [SkinsRestorer] ----------------------------------------------
[18:07:43] [Folia Async Scheduler Thread #1/INFO]: [SkinsRestorer] Do you have issues? Read our troubleshooting guide: https://skinsrestorer.net/docs/troubleshooting
[18:07:43] [Folia Async Scheduler Thread #1/INFO]: [SkinsRestorer] Want to support SkinsRestorer? Consider donating: https://skinsrestorer.net/donate
[18:07:43] [Folia Async Scheduler Thread #1/INFO]: [SkinsRestorer] [GitHubUpdate] Downloading update...
[18:07:43] [Folia Async Scheduler Thread #1/INFO]: [SkinsRestorer] [GitHubUpdate] Downloaded update in 518ms
[18:07:43] [Folia Async Scheduler Thread #1/INFO]: [SkinsRestorer] [GitHubUpdate] Update saved as SkinsRestorer.jar
[18:07:43] [Folia Async Scheduler Thread #1/INFO]: [SkinsRestorer] [GitHubUpdate] The update will be loaded on the next server restart
[18:07:43] [Server thread/INFO]: Preparing start region for dimension minecraft:overworld
[18:07:44] [Server thread/INFO]: Time elapsed: 331 ms
[18:07:44] [Server thread/INFO]: Preparing start region for dimension minecraft:the_nether
[18:07:44] [Server thread/INFO]: Time elapsed: 473 ms
[18:07:44] [Server thread/INFO]: Preparing start region for dimension minecraft:the_end
[18:07:44] [Server thread/INFO]: Time elapsed: 103 ms
[18:07:44] [Server thread/INFO]: [ViaVersion] Enabling ViaVersion v5.1.0
[18:07:44] [Server thread/INFO]: [ViaVersion] ViaVersion detected server version: 1.21-1.21.1 (767)
[18:07:44] [Server thread/INFO]: [Essentials] Enabling Essentials v2.20.1
[18:07:44] [Server thread/ERROR]: [Essentials] You are running an unsupported server version!
[18:07:45] [Server thread/INFO]: [Essentials] Attempting to convert old kits in config.yml to new kits.yml
[18:07:45] [Server thread/INFO]: [Essentials] No kits found to migrate.
[18:07:45] [Server thread/INFO]: [Essentials] Loaded 39094 items from items.json.
[18:07:45] [Server thread/INFO]: [Essentials] Using locale en
[18:07:45] [Server thread/INFO]: [Essentials] ServerListPingEvent: Spigot iterator API
[18:07:45] [Server thread/INFO]: [Essentials] Starting Metrics. Opt-out using the global bStats config.
[18:07:45] [Server thread/INFO]: [Essentials] Using superperms-based permissions.
[18:07:45] [Server thread/INFO]: [Multiverse-Core] Enabling Multiverse-Core v4.3.13-SNAPSHOT
[18:07:45] [Server thread/WARN]: [Multiverse-Core] "Multiverse-Core v4.3.13-SNAPSHOT" has registered a listener for org.bukkit.event.entity.EntityCreatePortalEvent on method "public void com.onarandombox.MultiverseCore.listeners.MVPortalListener.entityPortalCreate(org.bukkit.event.entity.EntityCreatePortalEvent)", but the event is Deprecated. "Server performance will be affected"; please notify the authors [dumptruckman, Rigby, fernferret, lithium3141, main--].
[18:07:45] [Server thread/INFO]: [Multiverse-Core] §aWe are aware of the warning about the deprecated event. There is no alternative that allows us to do what we need to do and performance impact is negligible. It is safe to ignore.
[18:07:46] [Server thread/INFO]: Preparing start region for dimension minecraft:kitpvp
[18:07:46] [Server thread/INFO]: Time elapsed: 72 ms
[18:07:46] [Server thread/INFO]: Preparing start region for dimension minecraft:fireball_fight_lobby
[18:07:46] [Server thread/INFO]: Time elapsed: 95 ms
[18:07:46] [Server thread/INFO]: Preparing start region for dimension minecraft:lobby
[18:07:46] [Server thread/INFO]: Time elapsed: 77 ms
[18:07:46] [Server thread/INFO]: Preparing start region for dimension minecraft:survival
[18:07:46] [Server thread/INFO]: Time elapsed: 53 ms
[18:07:46] [Server thread/INFO]: Preparing start region for dimension minecraft:bedwars_lobby
[18:07:46] [Server thread/INFO]: Time elapsed: 39 ms
[18:07:46] [Server thread/INFO]: Preparing start region for dimension minecraft:pvp
[18:07:46] [Server thread/INFO]: Time elapsed: 44 ms
[18:07:46] [Server thread/INFO]: Preparing start region for dimension minecraft:minigames_lobby
[18:07:46] [Server thread/INFO]: Time elapsed: 40 ms
[18:07:46] [Server thread/INFO]: [Multiverse-Core] 10 - World(s) loaded.
[18:07:46] [Server thread/WARN]: [Multiverse-Core] Buscript failed to load! The script command will be disabled! If you would like not to see this message, use `/mv conf enablebuscript false` to disable Buscript from loading.
[18:07:46] [Server thread/INFO]: [Multiverse-Core] Version 4.3.13-SNAPSHOT (API v24) Enabled - By dumptruckman, Rigby, fernferret, lithium3141 and main--
[18:07:46] [Server thread/INFO]: [ViaBackwards] Enabling ViaBackwards v5.0.3
[18:07:46] [Server thread/INFO]: [EssentialsSpawn] Enabling EssentialsSpawn v2.20.1
[18:07:46] [Server thread/INFO]: [EssentialsSpawn] Starting Metrics. Opt-out using the global bStats config.
[18:07:46] [Server thread/INFO]: [Multiverse-Inventories] Enabling Multiverse-Inventories v4.2.6
[18:07:47] [Server thread/INFO]: [Multiverse-Inventories 4.2.6] enabled.
[18:07:47] [Server thread/INFO]: [Maintenance] Enabling Maintenance v4.3.0
[18:07:47] [Server thread/INFO]: [playit-gg] Enabling playit-gg v0.1.4
[18:07:48] [Thread-12/INFO]: [gg.playit.minecraft.PlayitKeysSetup] secret key found, checking
[18:07:48] [Thread-12/INFO]: [gg.playit.minecraft.PlayitKeysSetup] check secret
[18:07:48] [Server thread/INFO]: [oplogin] Enabling oplogin v1.0-SNAPSHOT
[18:07:48] [Server thread/INFO]: [Multiverse-NetherPortals] Enabling Multiverse-NetherPortals v4.3.0-SNAPSHOT
[18:07:48] [Server thread/INFO]: [Multiverse-NetherPortals 4.3.0-SNAPSHOT]  Enabled - By Rigby and fernferret
[18:07:48] [Server thread/INFO]: [AntiVillagerLag] Enabling AntiVillagerLag v2.3.1
[18:07:48] [Server thread/INFO]: [Discord-Linker] Enabling Discord-Linker v3.4.2
[18:07:48] [Server thread/INFO]: [EssentialsChat] Enabling EssentialsChat v2.20.1
[18:07:48] [Server thread/INFO]: [EssentialsChat] Starting Metrics. Opt-out using the global bStats config.
[18:07:48] [Server thread/INFO]: [WorldGuard] Enabling WorldGuard v7.0.10+d9424b1
[18:07:49] [Server thread/INFO]: [WorldGuard] (CraftHaven) TNT ignition is PERMITTED.
[18:07:49] [Server thread/INFO]: [WorldGuard] (CraftHaven) Lighters are PERMITTED.
[18:07:49] [Server thread/INFO]: [WorldGuard] (CraftHaven) Lava fire is PERMITTED.
[18:07:49] [Server thread/INFO]: [WorldGuard] (CraftHaven) Fire spread is UNRESTRICTED.
[18:07:49] [Server thread/INFO]: [WorldGuard] Loaded configuration for world 'CraftHaven'
[18:07:49] [Server thread/INFO]: [WorldGuard] (CraftHaven_nether) TNT ignition is PERMITTED.
[18:07:49] [Server thread/INFO]: [WorldGuard] (CraftHaven_nether) Lighters are PERMITTED.
[18:07:49] [Server thread/INFO]: [WorldGuard] (CraftHaven_nether) Lava fire is PERMITTED.
[18:07:49] [Server thread/INFO]: [WorldGuard] (CraftHaven_nether) Fire spread is UNRESTRICTED.
[18:07:49] [Server thread/INFO]: [WorldGuard] Loaded configuration for world 'CraftHaven_nether'
[18:07:49] [Server thread/INFO]: [WorldGuard] (CraftHaven_the_end) TNT ignition is PERMITTED.
[18:07:49] [Server thread/INFO]: [WorldGuard] (CraftHaven_the_end) Lighters are PERMITTED.
[18:07:49] [Server thread/INFO]: [WorldGuard] (CraftHaven_the_end) Lava fire is PERMITTED.
[18:07:49] [Server thread/INFO]: [WorldGuard] (CraftHaven_the_end) Fire spread is UNRESTRICTED.
[18:07:49] [Server thread/INFO]: [WorldGuard] Loaded configuration for world 'CraftHaven_the_end'
[18:07:49] [Server thread/INFO]: [WorldGuard] (kitpvp) TNT ignition is PERMITTED.
[18:07:49] [Server thread/INFO]: [WorldGuard] (kitpvp) Lighters are PERMITTED.
[18:07:49] [Server thread/INFO]: [WorldGuard] (kitpvp) Lava fire is PERMITTED.
[18:07:49] [Server thread/INFO]: [WorldGuard] (kitpvp) Fire spread is UNRESTRICTED.
[18:07:49] [Server thread/INFO]: [WorldGuard] Loaded configuration for world 'kitpvp'
[18:07:49] [Server thread/INFO]: [WorldGuard] (fireball_fight_lobby) TNT ignition is PERMITTED.
[18:07:49] [Server thread/INFO]: [WorldGuard] (fireball_fight_lobby) Lighters are PERMITTED.
[18:07:49] [Server thread/INFO]: [WorldGuard] (fireball_fight_lobby) Lava fire is PERMITTED.
[18:07:49] [Server thread/INFO]: [WorldGuard] (fireball_fight_lobby) Fire spread is UNRESTRICTED.
[18:07:49] [Server thread/INFO]: [WorldGuard] Loaded configuration for world 'fireball_fight_lobby'
[18:07:49] [Server thread/INFO]: [WorldGuard] (lobby) TNT ignition is PERMITTED.
[18:07:49] [Server thread/INFO]: [WorldGuard] (lobby) Lighters are PERMITTED.
[18:07:49] [Server thread/INFO]: [WorldGuard] (lobby) Lava fire is PERMITTED.
[18:07:49] [Server thread/INFO]: [WorldGuard] (lobby) Fire spread is UNRESTRICTED.
[18:07:49] [Server thread/INFO]: [WorldGuard] Loaded configuration for world 'lobby'
[18:07:49] [Server thread/INFO]: [WorldGuard] (survival) TNT ignition is PERMITTED.
[18:07:49] [Server thread/INFO]: [WorldGuard] (survival) Lighters are PERMITTED.
[18:07:49] [Server thread/INFO]: [WorldGuard] (survival) Lava fire is PERMITTED.
[18:07:49] [Server thread/INFO]: [WorldGuard] (survival) Fire spread is UNRESTRICTED.
[18:07:49] [Server thread/INFO]: [WorldGuard] Loaded configuration for world 'survival'
[18:07:49] [Server thread/INFO]: [WorldGuard] (bedwars_lobby) TNT ignition is PERMITTED.
[18:07:49] [Server thread/INFO]: [WorldGuard] (bedwars_lobby) Lighters are PERMITTED.
[18:07:49] [Server thread/INFO]: [WorldGuard] (bedwars_lobby) Lava fire is PERMITTED.
[18:07:49] [Server thread/INFO]: [WorldGuard] (bedwars_lobby) Fire spread is UNRESTRICTED.
[18:07:49] [Server thread/INFO]: [WorldGuard] Loaded configuration for world 'bedwars_lobby'
[18:07:49] [Server thread/INFO]: [WorldGuard] (pvp) TNT ignition is PERMITTED.
[18:07:49] [Server thread/INFO]: [WorldGuard] (pvp) Lighters are PERMITTED.
[18:07:49] [Server thread/INFO]: [WorldGuard] (pvp) Lava fire is PERMITTED.
[18:07:49] [Server thread/INFO]: [WorldGuard] (pvp) Fire spread is UNRESTRICTED.
[18:07:49] [Server thread/INFO]: [WorldGuard] Loaded configuration for world 'pvp'
[18:07:49] [Server thread/INFO]: [WorldGuard] (minigames_lobby) TNT ignition is PERMITTED.
[18:07:49] [Server thread/INFO]: [WorldGuard] (minigames_lobby) Lighters are PERMITTED.
[18:07:49] [Server thread/INFO]: [WorldGuard] (minigames_lobby) Lava fire is PERMITTED.
[18:07:49] [Server thread/INFO]: [WorldGuard] (minigames_lobby) Fire spread is UNRESTRICTED.
[18:07:49] [Server thread/INFO]: [WorldGuard] Loaded configuration for world 'minigames_lobby'
[18:07:49] [Server thread/INFO]: [WorldGuard] Loading region data...
[18:07:49] [Thread-12/INFO]: [gg.playit.minecraft.PlayitKeysSetup] found minecraft java tunnel: management-scales.joinmc.link
[18:07:49] [Thread-12/INFO]: [gg.playit.minecraft.PlayitManager] keys and tunnel setup
[18:07:49] [Server thread/INFO]: [fast-leaf-decay] Enabling fast-leaf-decay v1.1.0
[18:07:49] [Server thread/INFO]: [AuthMe] Enabling AuthMe v5.6.0-bCUSTOM
[18:07:50] [Thread-12/WARN]: [gg.playit.control.ChannelSetup] Got IO error working with :control.playit.gg/2602:fbaf:860:0:0:0:0:1, error : java.net.SocketException: Network is unreachable
[18:07:50] [Server thread/INFO]: [AuthMe] SQLite Setup finished
[18:07:50] [Thread-12/INFO]: [gg.playit.control.ChannelSetup] request queued, waiting 1 second before resend
[18:07:50] [Server thread/INFO]: [AuthMe] No supported permissions system found! Permissions are disabled!
[18:07:50] [Server thread/INFO]: [AuthMe] Hooked successfully into Essentials
[18:07:50] [Server thread/INFO]: [AuthMe] Hooked successfully into Multiverse-Core
[18:07:50] [Server thread/INFO]: [AuthMe] Essentials spawn file not found: '/home/runner/work/MC-Public-Server-1/MC-Public-Server-1/plugins/Essentials/spawn.yml'
[18:07:50] [Server thread/WARN]: [AuthMe] WARNING! The protectInventory feature requires ProtocolLib! Disabling it...
[18:07:50] [Server thread/INFO]: [AuthMe] AuthMe 5.6.0 build n.CUSTOM successfully enabled!
[18:07:50] [Server thread/ERROR]: Permission node 'paste' in plugin description file for BuildPaste v1.11.1 is invalid
java.lang.IllegalArgumentException: Data cannot be null
	at com.google.common.base.Preconditions.checkArgument(Preconditions.java:143) ~[guava-32.1.2-jre.jar:?]
	at org.bukkit.permissions.Permission.loadPermission(Permission.java:293) ~[paper-mojangapi-1.21.1-R0.1-SNAPSHOT.jar:?]
	at org.bukkit.permissions.Permission.loadPermissions(Permission.java:240) ~[paper-mojangapi-1.21.1-R0.1-SNAPSHOT.jar:?]
	at org.bukkit.plugin.PluginDescriptionFile.getPermissions(PluginDescriptionFile.java:945) ~[paper-mojangapi-1.21.1-R0.1-SNAPSHOT.jar:?]
	at org.bukkit.craftbukkit.CraftServer.enablePlugin(CraftServer.java:627) ~[paper-1.21.1.jar:1.21.1-52-e08e667]
	at org.bukkit.craftbukkit.CraftServer.enablePlugins(CraftServer.java:589) ~[paper-1.21.1.jar:1.21.1-52-e08e667]
	at net.minecraft.server.MinecraftServer.loadWorld0(MinecraftServer.java:754) ~[paper-1.21.1.jar:1.21.1-52-e08e667]
	at net.minecraft.server.MinecraftServer.loadLevel(MinecraftServer.java:516) ~[paper-1.21.1.jar:1.21.1-52-e08e667]
	at net.minecraft.server.dedicated.DedicatedServer.initServer(DedicatedServer.java:329) ~[paper-1.21.1.jar:1.21.1-52-e08e667]
	at net.minecraft.server.MinecraftServer.runServer(MinecraftServer.java:1215) ~[paper-1.21.1.jar:1.21.1-52-e08e667]
	at net.minecraft.server.MinecraftServer.lambda$spin$0(MinecraftServer.java:330) ~[paper-1.21.1.jar:1.21.1-52-e08e667]
	at java.base/java.lang.Thread.run(Thread.java:1583) ~[?:?]
[18:07:50] [Server thread/ERROR]: Permission node 'upload' in plugin description file for BuildPaste v1.11.1 is invalid
java.lang.IllegalArgumentException: Data cannot be null
	at com.google.common.base.Preconditions.checkArgument(Preconditions.java:143) ~[guava-32.1.2-jre.jar:?]
	at org.bukkit.permissions.Permission.loadPermission(Permission.java:293) ~[paper-mojangapi-1.21.1-R0.1-SNAPSHOT.jar:?]
	at org.bukkit.permissions.Permission.loadPermissions(Permission.java:240) ~[paper-mojangapi-1.21.1-R0.1-SNAPSHOT.jar:?]
	at org.bukkit.plugin.PluginDescriptionFile.getPermissions(PluginDescriptionFile.java:945) ~[paper-mojangapi-1.21.1-R0.1-SNAPSHOT.jar:?]
	at org.bukkit.craftbukkit.CraftServer.enablePlugin(CraftServer.java:627) ~[paper-1.21.1.jar:1.21.1-52-e08e667]
	at org.bukkit.craftbukkit.CraftServer.enablePlugins(CraftServer.java:589) ~[paper-1.21.1.jar:1.21.1-52-e08e667]
	at net.minecraft.server.MinecraftServer.loadWorld0(MinecraftServer.java:754) ~[paper-1.21.1.jar:1.21.1-52-e08e667]
	at net.minecraft.server.MinecraftServer.loadLevel(MinecraftServer.java:516) ~[paper-1.21.1.jar:1.21.1-52-e08e667]
	at net.minecraft.server.dedicated.DedicatedServer.initServer(DedicatedServer.java:329) ~[paper-1.21.1.jar:1.21.1-52-e08e667]
	at net.minecraft.server.MinecraftServer.runServer(MinecraftServer.java:1215) ~[paper-1.21.1.jar:1.21.1-52-e08e667]
	at net.minecraft.server.MinecraftServer.lambda$spin$0(MinecraftServer.java:330) ~[paper-1.21.1.jar:1.21.1-52-e08e667]
	at java.base/java.lang.Thread.run(Thread.java:1583) ~[?:?]
[18:07:50] [Server thread/ERROR]: Permission node 'construct' in plugin description file for BuildPaste v1.11.1 is invalid
java.lang.IllegalArgumentException: Data cannot be null
	at com.google.common.base.Preconditions.checkArgument(Preconditions.java:143) ~[guava-32.1.2-jre.jar:?]
	at org.bukkit.permissions.Permission.loadPermission(Permission.java:293) ~[paper-mojangapi-1.21.1-R0.1-SNAPSHOT.jar:?]
	at org.bukkit.permissions.Permission.loadPermissions(Permission.java:240) ~[paper-mojangapi-1.21.1-R0.1-SNAPSHOT.jar:?]
	at org.bukkit.plugin.PluginDescriptionFile.getPermissions(PluginDescriptionFile.java:945) ~[paper-mojangapi-1.21.1-R0.1-SNAPSHOT.jar:?]
	at org.bukkit.craftbukkit.CraftServer.enablePlugin(CraftServer.java:627) ~[paper-1.21.1.jar:1.21.1-52-e08e667]
	at org.bukkit.craftbukkit.CraftServer.enablePlugins(CraftServer.java:589) ~[paper-1.21.1.jar:1.21.1-52-e08e667]
	at net.minecraft.server.MinecraftServer.loadWorld0(MinecraftServer.java:754) ~[paper-1.21.1.jar:1.21.1-52-e08e667]
	at net.minecraft.server.MinecraftServer.loadLevel(MinecraftServer.java:516) ~[paper-1.21.1.jar:1.21.1-52-e08e667]
	at net.minecraft.server.dedicated.DedicatedServer.initServer(DedicatedServer.java:329) ~[paper-1.21.1.jar:1.21.1-52-e08e667]
	at net.minecraft.server.MinecraftServer.runServer(MinecraftServer.java:1215) ~[paper-1.21.1.jar:1.21.1-52-e08e667]
	at net.minecraft.server.MinecraftServer.lambda$spin$0(MinecraftServer.java:330) ~[paper-1.21.1.jar:1.21.1-52-e08e667]
	at java.base/java.lang.Thread.run(Thread.java:1583) ~[?:?]
[18:07:50] [Server thread/INFO]: [BuildPaste] Enabling BuildPaste v1.11.1
[18:07:50] [Server thread/INFO]: [spark] Starting background profiler...
[18:07:51] [Thread-12/INFO]: [gg.playit.control.ChannelSetup] request queued, waiting 1 second before resend
[18:07:51] [Server thread/INFO]: Done preparing level "CraftHaven" (8.383s)
[18:07:51] [Server thread/INFO]: Running delayed init tasks
[18:07:51] [Craft Scheduler Thread - 2 - ViaVersion/INFO]: [ViaVersion] Finished mapping loading, shutting down loader executor.
[18:07:51] [Craft Scheduler Thread - 2 - Essentials/INFO]: [Essentials] Fetching version information...
[18:07:51] [Craft Scheduler Thread - 5 - AuthMe/INFO]: [AuthMe] Downloading GEO IP database, because the old database is older than 30 days or doesn't exist
[18:07:51] [Craft Scheduler Thread - 5 - AuthMe/WARN]: [AuthMe] No MaxMind credentials found in the configuration file! GeoIp protections will be disabled.
[18:07:51] [Craft Scheduler Thread - 5 - AuthMe/INFO]: [AuthMe] There is no newer GEO IP database uploaded to MaxMind. Using the old one for now.
[18:07:51] [Craft Scheduler Thread - 5 - AuthMe/WARN]: [AuthMe] Could not download GeoLiteAPI database [FileNotFoundException]: plugins/AuthMe/GeoLite2-Country.mmdb (No such file or directory)
[18:07:51] [Server thread/INFO]: [PerWorldPlugins] Converted all Listeners correctly.
[18:07:51] [Server thread/INFO]: [Multiverse-Inventories] First run!
[18:07:51] [Server thread/INFO]: Done (36.473s)! For help, type "help"
[18:07:51] [Server thread/INFO]: Timings Reset
[18:07:51] [Server thread/WARN]: [ViaVersion] There is a newer plugin version available: 5.1.1, you're on: 5.1.0
[18:07:51] [Server thread/INFO]: Saving the game (this may take a moment!)
[18:07:52] [Craft Scheduler Thread - 0 - Discord-Linker/INFO]: [Discord-Linker] §aPlugin enabled.
[18:07:52] [Server thread/INFO]: ThreadedAnvilChunkStorage (CraftHaven): All chunks are saved
[18:07:52] [Server thread/INFO]: ThreadedAnvilChunkStorage (DIM-1): All chunks are saved
[18:07:52] [Server thread/INFO]: ThreadedAnvilChunkStorage (DIM1): All chunks are saved
[18:07:52] [Server thread/INFO]: ThreadedAnvilChunkStorage (kitpvp): All chunks are saved
[18:07:52] [Server thread/INFO]: ThreadedAnvilChunkStorage (fireball_fight_lobby): All chunks are saved
[18:07:52] [Server thread/INFO]: ThreadedAnvilChunkStorage (lobby): All chunks are saved
[18:07:52] [Server thread/INFO]: ThreadedAnvilChunkStorage (survival): All chunks are saved
[18:07:52] [Server thread/INFO]: ThreadedAnvilChunkStorage (bedwars_lobby): All chunks are saved
[18:07:52] [Server thread/INFO]: ThreadedAnvilChunkStorage (pvp): All chunks are saved
[18:07:52] [Server thread/INFO]: ThreadedAnvilChunkStorage (minigames_lobby): All chunks are saved
[18:07:52] [Server thread/INFO]: ThreadedAnvilChunkStorage: All dimensions are saved
[18:07:52] [Server thread/INFO]: Saved the game
[18:07:52] [EventThread/INFO]: [Discord-Linker] §aConnected to the Discord Bot!
[18:08:51] [Server thread/WARN]: A manual (plugin-induced) save has been detected while server is configured to auto-save. This may affect performance.
[18:09:39] [Server thread/INFO]: Saving the game (this may take a moment!)
[18:09:39] [Server thread/INFO]: ThreadedAnvilChunkStorage (CraftHaven): All chunks are saved
[18:09:39] [Server thread/INFO]: ThreadedAnvilChunkStorage (DIM-1): All chunks are saved
[18:09:39] [Server thread/INFO]: ThreadedAnvilChunkStorage (DIM1): All chunks are saved
[18:09:39] [Server thread/INFO]: ThreadedAnvilChunkStorage (kitpvp): All chunks are saved
[18:09:39] [Server thread/INFO]: ThreadedAnvilChunkStorage (fireball_fight_lobby): All chunks are saved
[18:09:39] [Server thread/INFO]: ThreadedAnvilChunkStorage (lobby): All chunks are saved
[18:09:39] [Server thread/INFO]: ThreadedAnvilChunkStorage (survival): All chunks are saved
[18:09:39] [Server thread/INFO]: ThreadedAnvilChunkStorage (bedwars_lobby): All chunks are saved
[18:09:39] [Server thread/INFO]: ThreadedAnvilChunkStorage (pvp): All chunks are saved
[18:09:39] [Server thread/INFO]: ThreadedAnvilChunkStorage (minigames_lobby): All chunks are saved
[18:09:39] [Server thread/INFO]: ThreadedAnvilChunkStorage: All dimensions are saved
[18:09:39] [Server thread/INFO]: Saved the game
